<?xml version="1.0" encoding="UTF-8"?>
<!-- Generated by org.testng.reporters.JUnitReportReporter -->
<testsuite hostname="Salesian" failures="0" tests="1" name="testng.SampleTestng" time="14.112" errors="0" timestamp="2022-07-27T17:26:10 EDT" skipped="0">
  <testcase classname="testng.SampleTestng" name="loginPage" time="14.112"/>
  <system-out/>
</testsuite> <!-- testng.SampleTestng -->
