<?xml version="1.0" encoding="UTF-8"?>
<!-- Generated by org.testng.reporters.JUnitReportReporter -->
<testsuite hostname="Salesian" failures="0" tests="1" name="testng.CreateContact" time="23.808" errors="0" timestamp="2022-07-27T16:58:32 EDT" skipped="0">
  <testcase classname="testng.CreateContact" name="createcontact" time="23.808"/>
  <system-out/>
</testsuite> <!-- testng.CreateContact -->
